Determining if the Q_WS_WIN exist failed with the following output:
Change Dir: /home/leo/projects/music/MusicChallenge/candidate_libs/keyboards/vmpk-0.5.1/CMakeFiles/CMakeTmp

Run Build Command:/usr/bin/make "cmTryCompileExec3605940904/fast"
/usr/bin/make -f CMakeFiles/cmTryCompileExec3605940904.dir/build.make CMakeFiles/cmTryCompileExec3605940904.dir/build
make[1]: Entering directory `/home/leo/projects/music/MusicChallenge/candidate_libs/keyboards/vmpk-0.5.1/CMakeFiles/CMakeTmp'
/usr/bin/cmake -E cmake_progress_report /home/leo/projects/music/MusicChallenge/candidate_libs/keyboards/vmpk-0.5.1/CMakeFiles/CMakeTmp/CMakeFiles 1
Building CXX object CMakeFiles/cmTryCompileExec3605940904.dir/CheckSymbolExists.cxx.o
/usr/bin/c++    -I/usr/include/qt4    -o CMakeFiles/cmTryCompileExec3605940904.dir/CheckSymbolExists.cxx.o -c /home/leo/projects/music/MusicChallenge/candidate_libs/keyboards/vmpk-0.5.1/CMakeFiles/CMakeTmp/CheckSymbolExists.cxx
/home/leo/projects/music/MusicChallenge/candidate_libs/keyboards/vmpk-0.5.1/CMakeFiles/CMakeTmp/CheckSymbolExists.cxx: In function ‘int main(int, char**)’:
/home/leo/projects/music/MusicChallenge/candidate_libs/keyboards/vmpk-0.5.1/CMakeFiles/CMakeTmp/CheckSymbolExists.cxx:8:19: error: ‘Q_WS_WIN’ was not declared in this scope
   return ((int*)(&Q_WS_WIN))[argc];
                   ^
make[1]: *** [CMakeFiles/cmTryCompileExec3605940904.dir/CheckSymbolExists.cxx.o] Error 1
make[1]: Leaving directory `/home/leo/projects/music/MusicChallenge/candidate_libs/keyboards/vmpk-0.5.1/CMakeFiles/CMakeTmp'
make: *** [cmTryCompileExec3605940904/fast] Error 2

File /home/leo/projects/music/MusicChallenge/candidate_libs/keyboards/vmpk-0.5.1/CMakeFiles/CMakeTmp/CheckSymbolExists.cxx:
/* */
#include <QtCore/qglobal.h>

int main(int argc, char** argv)
{
  (void)argv;
#ifndef Q_WS_WIN
  return ((int*)(&Q_WS_WIN))[argc];
#else
  (void)argc;
  return 0;
#endif
}

Determining if the Q_WS_QWS exist failed with the following output:
Change Dir: /home/leo/projects/music/MusicChallenge/candidate_libs/keyboards/vmpk-0.5.1/CMakeFiles/CMakeTmp

Run Build Command:/usr/bin/make "cmTryCompileExec2123430049/fast"
/usr/bin/make -f CMakeFiles/cmTryCompileExec2123430049.dir/build.make CMakeFiles/cmTryCompileExec2123430049.dir/build
make[1]: Entering directory `/home/leo/projects/music/MusicChallenge/candidate_libs/keyboards/vmpk-0.5.1/CMakeFiles/CMakeTmp'
/usr/bin/cmake -E cmake_progress_report /home/leo/projects/music/MusicChallenge/candidate_libs/keyboards/vmpk-0.5.1/CMakeFiles/CMakeTmp/CMakeFiles 1
Building CXX object CMakeFiles/cmTryCompileExec2123430049.dir/CheckSymbolExists.cxx.o
/usr/bin/c++    -I/usr/include/qt4    -o CMakeFiles/cmTryCompileExec2123430049.dir/CheckSymbolExists.cxx.o -c /home/leo/projects/music/MusicChallenge/candidate_libs/keyboards/vmpk-0.5.1/CMakeFiles/CMakeTmp/CheckSymbolExists.cxx
/home/leo/projects/music/MusicChallenge/candidate_libs/keyboards/vmpk-0.5.1/CMakeFiles/CMakeTmp/CheckSymbolExists.cxx: In function ‘int main(int, char**)’:
/home/leo/projects/music/MusicChallenge/candidate_libs/keyboards/vmpk-0.5.1/CMakeFiles/CMakeTmp/CheckSymbolExists.cxx:8:19: error: ‘Q_WS_QWS’ was not declared in this scope
   return ((int*)(&Q_WS_QWS))[argc];
                   ^
make[1]: *** [CMakeFiles/cmTryCompileExec2123430049.dir/CheckSymbolExists.cxx.o] Error 1
make[1]: Leaving directory `/home/leo/projects/music/MusicChallenge/candidate_libs/keyboards/vmpk-0.5.1/CMakeFiles/CMakeTmp'
make: *** [cmTryCompileExec2123430049/fast] Error 2

File /home/leo/projects/music/MusicChallenge/candidate_libs/keyboards/vmpk-0.5.1/CMakeFiles/CMakeTmp/CheckSymbolExists.cxx:
/* */
#include <QtCore/qglobal.h>

int main(int argc, char** argv)
{
  (void)argv;
#ifndef Q_WS_QWS
  return ((int*)(&Q_WS_QWS))[argc];
#else
  (void)argc;
  return 0;
#endif
}

Determining if the Q_WS_MAC exist failed with the following output:
Change Dir: /home/leo/projects/music/MusicChallenge/candidate_libs/keyboards/vmpk-0.5.1/CMakeFiles/CMakeTmp

Run Build Command:/usr/bin/make "cmTryCompileExec1301279905/fast"
/usr/bin/make -f CMakeFiles/cmTryCompileExec1301279905.dir/build.make CMakeFiles/cmTryCompileExec1301279905.dir/build
make[1]: Entering directory `/home/leo/projects/music/MusicChallenge/candidate_libs/keyboards/vmpk-0.5.1/CMakeFiles/CMakeTmp'
/usr/bin/cmake -E cmake_progress_report /home/leo/projects/music/MusicChallenge/candidate_libs/keyboards/vmpk-0.5.1/CMakeFiles/CMakeTmp/CMakeFiles 1
Building CXX object CMakeFiles/cmTryCompileExec1301279905.dir/CheckSymbolExists.cxx.o
/usr/bin/c++    -I/usr/include/qt4    -o CMakeFiles/cmTryCompileExec1301279905.dir/CheckSymbolExists.cxx.o -c /home/leo/projects/music/MusicChallenge/candidate_libs/keyboards/vmpk-0.5.1/CMakeFiles/CMakeTmp/CheckSymbolExists.cxx
/home/leo/projects/music/MusicChallenge/candidate_libs/keyboards/vmpk-0.5.1/CMakeFiles/CMakeTmp/CheckSymbolExists.cxx: In function ‘int main(int, char**)’:
/home/leo/projects/music/MusicChallenge/candidate_libs/keyboards/vmpk-0.5.1/CMakeFiles/CMakeTmp/CheckSymbolExists.cxx:8:19: error: ‘Q_WS_MAC’ was not declared in this scope
   return ((int*)(&Q_WS_MAC))[argc];
                   ^
make[1]: *** [CMakeFiles/cmTryCompileExec1301279905.dir/CheckSymbolExists.cxx.o] Error 1
make[1]: Leaving directory `/home/leo/projects/music/MusicChallenge/candidate_libs/keyboards/vmpk-0.5.1/CMakeFiles/CMakeTmp'
make: *** [cmTryCompileExec1301279905/fast] Error 2

File /home/leo/projects/music/MusicChallenge/candidate_libs/keyboards/vmpk-0.5.1/CMakeFiles/CMakeTmp/CheckSymbolExists.cxx:
/* */
#include <QtCore/qglobal.h>

int main(int argc, char** argv)
{
  (void)argv;
#ifndef Q_WS_MAC
  return ((int*)(&Q_WS_MAC))[argc];
#else
  (void)argc;
  return 0;
#endif
}

Determining if the pthread_create exist failed with the following output:
Change Dir: /home/leo/projects/music/MusicChallenge/candidate_libs/keyboards/vmpk-0.5.1/CMakeFiles/CMakeTmp

Run Build Command:/usr/bin/make "cmTryCompileExec3343360057/fast"
/usr/bin/make -f CMakeFiles/cmTryCompileExec3343360057.dir/build.make CMakeFiles/cmTryCompileExec3343360057.dir/build
make[1]: Entering directory `/home/leo/projects/music/MusicChallenge/candidate_libs/keyboards/vmpk-0.5.1/CMakeFiles/CMakeTmp'
/usr/bin/cmake -E cmake_progress_report /home/leo/projects/music/MusicChallenge/candidate_libs/keyboards/vmpk-0.5.1/CMakeFiles/CMakeTmp/CMakeFiles 1
Building C object CMakeFiles/cmTryCompileExec3343360057.dir/CheckSymbolExists.c.o
/usr/bin/cc    -o CMakeFiles/cmTryCompileExec3343360057.dir/CheckSymbolExists.c.o   -c /home/leo/projects/music/MusicChallenge/candidate_libs/keyboards/vmpk-0.5.1/CMakeFiles/CMakeTmp/CheckSymbolExists.c
Linking C executable cmTryCompileExec3343360057
/usr/bin/cmake -E cmake_link_script CMakeFiles/cmTryCompileExec3343360057.dir/link.txt --verbose=1
/usr/bin/cc       CMakeFiles/cmTryCompileExec3343360057.dir/CheckSymbolExists.c.o  -o cmTryCompileExec3343360057 -rdynamic 
CMakeFiles/cmTryCompileExec3343360057.dir/CheckSymbolExists.c.o: In function `main':
CheckSymbolExists.c:(.text+0x16): undefined reference to `pthread_create'
collect2: error: ld returned 1 exit status
make[1]: *** [cmTryCompileExec3343360057] Error 1
make[1]: Leaving directory `/home/leo/projects/music/MusicChallenge/candidate_libs/keyboards/vmpk-0.5.1/CMakeFiles/CMakeTmp'
make: *** [cmTryCompileExec3343360057/fast] Error 2

File /home/leo/projects/music/MusicChallenge/candidate_libs/keyboards/vmpk-0.5.1/CMakeFiles/CMakeTmp/CheckSymbolExists.c:
/* */
#include <pthread.h>

int main(int argc, char** argv)
{
  (void)argv;
#ifndef pthread_create
  return ((int*)(&pthread_create))[argc];
#else
  (void)argc;
  return 0;
#endif
}

Determining if the function pthread_create exists in the pthreads failed with the following output:
Change Dir: /home/leo/projects/music/MusicChallenge/candidate_libs/keyboards/vmpk-0.5.1/CMakeFiles/CMakeTmp

Run Build Command:/usr/bin/make "cmTryCompileExec2737217304/fast"
/usr/bin/make -f CMakeFiles/cmTryCompileExec2737217304.dir/build.make CMakeFiles/cmTryCompileExec2737217304.dir/build
make[1]: Entering directory `/home/leo/projects/music/MusicChallenge/candidate_libs/keyboards/vmpk-0.5.1/CMakeFiles/CMakeTmp'
/usr/bin/cmake -E cmake_progress_report /home/leo/projects/music/MusicChallenge/candidate_libs/keyboards/vmpk-0.5.1/CMakeFiles/CMakeTmp/CMakeFiles 1
Building C object CMakeFiles/cmTryCompileExec2737217304.dir/CheckFunctionExists.c.o
/usr/bin/cc   -DCHECK_FUNCTION_EXISTS=pthread_create   -o CMakeFiles/cmTryCompileExec2737217304.dir/CheckFunctionExists.c.o   -c /usr/share/cmake-2.8/Modules/CheckFunctionExists.c
Linking C executable cmTryCompileExec2737217304
/usr/bin/cmake -E cmake_link_script CMakeFiles/cmTryCompileExec2737217304.dir/link.txt --verbose=1
/usr/bin/cc   -DCHECK_FUNCTION_EXISTS=pthread_create    CMakeFiles/cmTryCompileExec2737217304.dir/CheckFunctionExists.c.o  -o cmTryCompileExec2737217304 -rdynamic -lpthreads 
/usr/bin/ld: cannot find -lpthreads
collect2: error: ld returned 1 exit status
make[1]: *** [cmTryCompileExec2737217304] Error 1
make[1]: Leaving directory `/home/leo/projects/music/MusicChallenge/candidate_libs/keyboards/vmpk-0.5.1/CMakeFiles/CMakeTmp'
make: *** [cmTryCompileExec2737217304/fast] Error 2


